#
# There is insufficient memory for the Java Runtime Environment to continue.
# Native memory allocation (mmap) failed to map 347078656 bytes for committing reserved memory.
# Possible reasons:
#   The system is out of physical RAM or swap space
#   In 32 bit mode, the process size limit was hit
# Possible solutions:
#   Reduce memory load on the system
#   Increase physical memory or swap space
#   Check if swap backing store is full
#   Use 64 bit Java on a 64 bit OS
#   Decrease Java heap size (-Xmx/-Xms)
#   Decrease number of Java threads
#   Decrease Java thread stack sizes (-Xss)
#   Set larger code cache with -XX:ReservedCodeCacheSize=
# This output file may be truncated or incomplete.
#
#  Out of Memory Error (os_linux.cpp:2640), pid=13254, tid=0x00007f80ae33b700
#
# JRE version: Java(TM) SE Runtime Environment (8.0_151-b12) (build 1.8.0_151-b12)
# Java VM: Java HotSpot(TM) 64-Bit Server VM (25.151-b12 mixed mode linux-amd64 compressed oops)
# Failed to write core dump. Core dumps have been disabled. To enable core dumping, try "ulimit -c unlimited" before starting Java again
#

---------------  T H R E A D  ---------------

Current thread (0x00007f80c8078000):  VMThread [stack: 0x00007f80ae23b000,0x00007f80ae33c000] [id=13265]

Stack: [0x00007f80ae23b000,0x00007f80ae33c000],  sp=0x00007f80ae33a2a0,  free space=1020k
Native frames: (J=compiled Java code, j=interpreted, Vv=VM code, C=native code)
V  [libjvm.so+0xacb58a]  VMError::report_and_die()+0x2ba
V  [libjvm.so+0x4ff4ab]  report_vm_out_of_memory(char const*, int, unsigned long, VMErrorType, char const*)+0x8b
V  [libjvm.so+0x928113]  os::Linux::commit_memory_impl(char*, unsigned long, bool)+0x103
V  [libjvm.so+0x928669]  os::pd_commit_memory(char*, unsigned long, unsigned long, bool)+0x29
V  [libjvm.so+0x92288a]  os::commit_memory(char*, unsigned long, unsigned long, bool)+0x2a
V  [libjvm.so+0x9973e3]  PSVirtualSpace::expand_by(unsigned long)+0x53
V  [libjvm.so+0x987ca0]  PSOldGen::expand(unsigned long)+0x170
V  [libjvm.so+0x987eab]  PSOldGen::resize(unsigned long)+0x1cb
V  [libjvm.so+0x98fbb1]  PSParallelCompact::invoke_no_policy(bool)+0x991
V  [libjvm.so+0x99550d]  PSScavenge::invoke()+0x1ad
V  [libjvm.so+0x94c0d0]  ParallelScavengeHeap::failed_mem_allocate(unsigned long)+0x70
V  [libjvm.so+0xaccfa7]  VM_ParallelGCFailedAllocation::doit()+0x97
V  [libjvm.so+0xad4a85]  VM_Operation::evaluate()+0x55
V  [libjvm.so+0xad2e5a]  VMThread::evaluate_operation(VM_Operation*)+0xba
V  [libjvm.so+0xad31de]  VMThread::loop()+0x1ce
V  [libjvm.so+0xad3650]  VMThread::run()+0x70
V  [libjvm.so+0x92a728]  java_start(Thread*)+0x108

VM_Operation (0x00007f80ced35710): ParallelGCFailedAllocation, mode: safepoint, requested by thread 0x00007f80c800a000


---------------  P R O C E S S  ---------------

Java Threads: ( => current thread )
  0x00007f80c80c1800 JavaThread "Service Thread" daemon [_thread_blocked, id=13272, stack(0x00007f80ad72c000,0x00007f80ad82d000)]
  0x00007f80c80be800 JavaThread "C1 CompilerThread2" daemon [_thread_blocked, id=13271, stack(0x00007f80ad82d000,0x00007f80ad92e000)]
  0x00007f80c80bc800 JavaThread "C2 CompilerThread1" daemon [_thread_blocked, id=13270, stack(0x00007f80ad92e000,0x00007f80ada2f000)]
  0x00007f80c80ba000 JavaThread "C2 CompilerThread0" daemon [_thread_blocked, id=13269, stack(0x00007f80ada2f000,0x00007f80adb30000)]
  0x00007f80c80b8800 JavaThread "Signal Dispatcher" daemon [_thread_blocked, id=13268, stack(0x00007f80adb30000,0x00007f80adc31000)]
  0x00007f80c8084800 JavaThread "Finalizer" daemon [_thread_blocked, id=13267, stack(0x00007f80ae039000,0x00007f80ae13a000)]
  0x00007f80c807f800 JavaThread "Reference Handler" daemon [_thread_blocked, id=13266, stack(0x00007f80ae13a000,0x00007f80ae23b000)]
  0x00007f80c800a000 JavaThread "main" [_thread_blocked, id=13256, stack(0x00007f80cec36000,0x00007f80ced37000)]

Other Threads:
=>0x00007f80c8078000 VMThread [stack: 0x00007f80ae23b000,0x00007f80ae33c000] [id=13265]
  0x00007f80c80c4800 WatcherThread [stack: 0x00007f80ad62b000,0x00007f80ad72c000] [id=13273]

VM state:at safepoint (normal execution)

VM Mutex/Monitor currently owned by a thread:  ([mutex/lock_event])
[0x00007f80c8006030] ExpandHeap_lock - owner thread: 0x00007f80c8078000
[0x00007f80c80066b0] Threads_lock - owner thread: 0x00007f80c8078000
[0x00007f80c8006bb0] Heap_lock - owner thread: 0x00007f80c800a000

Heap:
 PSYoungGen      total 328192K, used 156519K [0x00000000d6d80000, 0x00000000fb400000, 0x0000000100000000)
  eden space 107008K, 0% used [0x00000000d6d80000,0x00000000d6d80000,0x00000000dd600000)
  from space 221184K, 70% used [0x00000000dd600000,0x00000000e6ed9c00,0x00000000eae00000)
  to   space 224768K, 0% used [0x00000000ed880000,0x00000000ed880000,0x00000000fb400000)
 ParOldGen       total 528896K, used 528732K [0x0000000084800000, 0x00000000a4c80000, 0x00000000d6d80000)
  object space 528896K, 99% used [0x0000000084800000,0x00000000a4c570e0,0x00000000a4c80000)
 Metaspace       used 2651K, capacity 4490K, committed 4864K, reserved 1056768K
  class space    used 285K, capacity 386K, committed 512K, reserved 1048576K

Card table byte_map: [0x00007f80b8435000,0x00007f80b8812000] byte_map_base: 0x00007f80b8011000

Marking Bits: (ParMarkBitMap*) 0x00007f80ce106f80
 Begin Bits: [0x00007f80b40df000, 0x00007f80b5fbf000)
 End Bits:   [0x00007f80b5fbf000, 0x00007f80b7e9f000)

Polling page: 0x00007f80ced57000

CodeCache: size=245760Kb used=1112Kb max_used=1124Kb free=244647Kb
 bounds [0x00007f80b8bd2000, 0x00007f80b8e42000, 0x00007f80c7bd2000]
 total_blobs=260 nmethods=32 adapters=143
 compilation: enabled

Compilation events (10 events):
Event: 0,236 Thread 0x00007f80c80be800   11       3       java.lang.String::<init> (82 bytes)
Event: 0,237 Thread 0x00007f80c80be800 nmethod 11 0x00007f80b8ce2dd0 code [0x00007f80b8ce2fa0, 0x00007f80b8ce3478]
Event: 0,237 Thread 0x00007f80c80be800   13       1       java.io.File::getPath (5 bytes)
Event: 0,237 Thread 0x00007f80c80be800 nmethod 13 0x00007f80b8ce2b10 code [0x00007f80b8ce2c60, 0x00007f80b8ce2d70]
Event: 0,241 Thread 0x00007f80c80be800   30 %     3       cities.CityTravel::addInOrder @ 8 (72 bytes)
Event: 0,246 Thread 0x00007f80c80be800 nmethod 30% 0x00007f80b8ce5590 code [0x00007f80b8ce5800, 0x00007f80b8ce65f8]
Event: 0,252 Thread 0x00007f80c80be800   31       3       cities.CityTravel::addInOrder (72 bytes)
Event: 0,253 Thread 0x00007f80c80be800 nmethod 31 0x00007f80b8ce6bd0 code [0x00007f80b8ce6e20, 0x00007f80b8ce7988]
Event: 0,253 Thread 0x00007f80c80ba000   32 %     4       cities.CityTravel::addInOrder @ 8 (72 bytes)
Event: 0,263 Thread 0x00007f80c80ba000 nmethod 32% 0x00007f80b8ceb150 code [0x00007f80b8ceb2e0, 0x00007f80b8ceb8b8]

GC Heap History (10 events):
Event: 18,962 GC heap after
Heap after GC invocations=8 (full 3):
 PSYoungGen      total 94208K, used 0K [0x00000000d6d80000, 0x00000000ea380000, 0x0000000100000000)
  eden space 89088K, 0% used [0x00000000d6d80000,0x00000000d6d80000,0x00000000dc480000)
  from space 5120K, 0% used [0x00000000dc480000,0x00000000dc480000,0x00000000dc980000)
  to   space 98816K, 0% used [0x00000000e4300000,0x00000000e4300000,0x00000000ea380000)
 ParOldGen       total 528896K, used 273096K [0x0000000084800000, 0x00000000a4c80000, 0x00000000d6d80000)
  object space 528896K, 51% used [0x0000000084800000,0x00000000952b2320,0x00000000a4c80000)
 Metaspace       used 2651K, capacity 4490K, committed 4864K, reserved 1056768K
  class space    used 285K, capacity 386K, committed 512K, reserved 1048576K
}
Event: 19,245 GC heap before
{Heap before GC invocations=9 (full 3):
 PSYoungGen      total 94208K, used 89088K [0x00000000d6d80000, 0x00000000ea380000, 0x0000000100000000)
  eden space 89088K, 100% used [0x00000000d6d80000,0x00000000dc480000,0x00000000dc480000)
  from space 5120K, 0% used [0x00000000dc480000,0x00000000dc480000,0x00000000dc980000)
  to   space 98816K, 0% used [0x00000000e4300000,0x00000000e4300000,0x00000000ea380000)
 ParOldGen       total 528896K, used 273096K [0x0000000084800000, 0x00000000a4c80000, 0x00000000d6d80000)
  object space 528896K, 51% used [0x0000000084800000,0x00000000952b2320,0x00000000a4c80000)
 Metaspace       used 2651K, capacity 4490K, committed 4864K, reserved 1056768K
  class space    used 285K, capacity 386K, committed 512K, reserved 1048576K
Event: 19,707 GC heap after
Heap after GC invocations=9 (full 3):
 PSYoungGen      total 206848K, used 89216K [0x00000000d6d80000, 0x00000000eba00000, 0x0000000100000000)
  eden space 108032K, 0% used [0x00000000d6d80000,0x00000000d6d80000,0x00000000dd700000)
  from space 98816K, 90% used [0x00000000e4300000,0x00000000e9a20000,0x00000000ea380000)
  to   space 110592K, 0% used [0x00000000dd700000,0x00000000dd700000,0x00000000e4300000)
 ParOldGen       total 528896K, used 273096K [0x0000000084800000, 0x00000000a4c80000, 0x00000000d6d80000)
  object space 528896K, 51% used [0x0000000084800000,0x00000000952b2320,0x00000000a4c80000)
 Metaspace       used 2651K, capacity 4490K, committed 4864K, reserved 1056768K
  class space    used 285K, capacity 386K, committed 512K, reserved 1048576K
}
Event: 20,001 GC heap before
{Heap before GC invocations=10 (full 3):
 PSYoungGen      total 206848K, used 197248K [0x00000000d6d80000, 0x00000000eba00000, 0x0000000100000000)
  eden space 108032K, 100% used [0x00000000d6d80000,0x00000000dd700000,0x00000000dd700000)
  from space 98816K, 90% used [0x00000000e4300000,0x00000000e9a20000,0x00000000ea380000)
  to   space 110592K, 0% used [0x00000000dd700000,0x00000000dd700000,0x00000000e4300000)
 ParOldGen       total 528896K, used 273096K [0x0000000084800000, 0x00000000a4c80000, 0x00000000d6d80000)
  object space 528896K, 51% used [0x0000000084800000,0x00000000952b2320,0x00000000a4c80000)
 Metaspace       used 2651K, capacity 4490K, committed 4864K, reserved 1056768K
  class space    used 285K, capacity 386K, committed 512K, reserved 1048576K
Event: 21,064 GC heap after
Heap after GC invocations=10 (full 3):
 PSYoungGen      total 218624K, used 110592K [0x00000000d6d80000, 0x00000000f5580000, 0x0000000100000000)
  eden space 108032K, 0% used [0x00000000d6d80000,0x00000000d6d80000,0x00000000dd700000)
  from space 110592K, 100% used [0x00000000dd700000,0x00000000e4300000,0x00000000e4300000)
  to   space 171520K, 0% used [0x00000000eae00000,0x00000000eae00000,0x00000000f5580000)
 ParOldGen       total 528896K, used 360080K [0x0000000084800000, 0x00000000a4c80000, 0x00000000d6d80000)
  object space 528896K, 68% used [0x0000000084800000,0x000000009a7a4320,0x00000000a4c80000)
 Metaspace       used 2651K, capacity 4490K, committed 4864K, reserved 1056768K
  class space    used 285K, capacity 386K, committed 512K, reserved 1048576K
}
Event: 21,340 GC heap before
{Heap before GC invocations=11 (full 3):
 PSYoungGen      total 218624K, used 218624K [0x00000000d6d80000, 0x00000000f5580000, 0x0000000100000000)
  eden space 108032K, 100% used [0x00000000d6d80000,0x00000000dd700000,0x00000000dd700000)
  from space 110592K, 100% used [0x00000000dd700000,0x00000000e4300000,0x00000000e4300000)
  to   space 171520K, 0% used [0x00000000eae00000,0x00000000eae00000,0x00000000f5580000)
 ParOldGen       total 528896K, used 360080K [0x0000000084800000, 0x00000000a4c80000, 0x00000000d6d80000)
  object space 528896K, 68% used [0x0000000084800000,0x000000009a7a4320,0x00000000a4c80000)
 Metaspace       used 2651K, capacity 4490K, committed 4864K, reserved 1056768K
  class space    used 285K, capacity 386K, committed 512K, reserved 1048576K
Event: 22,764 GC heap after
Heap after GC invocations=11 (full 3):
 PSYoungGen      total 278528K, used 171520K [0x00000000d6d80000, 0x00000000fc080000, 0x0000000100000000)
  eden space 107008K, 0% used [0x00000000d6d80000,0x00000000d6d80000,0x00000000dd600000)
  from space 171520K, 100% used [0x00000000eae00000,0x00000000f5580000,0x00000000f5580000)
  to   space 221184K, 0% used [0x00000000dd600000,0x00000000dd600000,0x00000000eae00000)
 ParOldGen       total 528896K, used 407448K [0x0000000084800000, 0x00000000a4c80000, 0x00000000d6d80000)
  object space 528896K, 77% used [0x0000000084800000,0x000000009d5e6320,0x00000000a4c80000)
 Metaspace       used 2651K, capacity 4490K, committed 4864K, reserved 1056768K
  class space    used 285K, capacity 386K, committed 512K, reserved 1048576K
}
Event: 23,002 GC heap before
{Heap before GC invocations=12 (full 3):
 PSYoungGen      total 278528K, used 278528K [0x00000000d6d80000, 0x00000000fc080000, 0x0000000100000000)
  eden space 107008K, 100% used [0x00000000d6d80000,0x00000000dd600000,0x00000000dd600000)
  from space 171520K, 100% used [0x00000000eae00000,0x00000000f5580000,0x00000000f5580000)
  to   space 221184K, 0% used [0x00000000dd600000,0x00000000dd600000,0x00000000eae00000)
 ParOldGen       total 528896K, used 407448K [0x0000000084800000, 0x00000000a4c80000, 0x00000000d6d80000)
  object space 528896K, 77% used [0x0000000084800000,0x000000009d5e6320,0x00000000a4c80000)
 Metaspace       used 2651K, capacity 4490K, committed 4864K, reserved 1056768K
  class space    used 285K, capacity 386K, committed 512K, reserved 1048576K
Event: 24,282 GC heap after
Heap after GC invocations=12 (full 3):
 PSYoungGen      total 328192K, used 221184K [0x00000000d6d80000, 0x00000000fb400000, 0x0000000100000000)
  eden space 107008K, 0% used [0x00000000d6d80000,0x00000000d6d80000,0x00000000dd600000)
  from space 221184K, 100% used [0x00000000dd600000,0x00000000eae00000,0x00000000eae00000)
  to   space 224768K, 0% used [0x00000000ed880000,0x00000000ed880000,0x00000000fb400000)
 ParOldGen       total 528896K, used 465080K [0x0000000084800000, 0x00000000a4c80000, 0x00000000d6d80000)
  object space 528896K, 87% used [0x0000000084800000,0x00000000a0e2e320,0x00000000a4c80000)
 Metaspace       used 2651K, capacity 4490K, committed 4864K, reserved 1056768K
  class space    used 285K, capacity 386K, committed 512K, reserved 1048576K
}
Event: 24,282 GC heap before
{Heap before GC invocations=13 (full 4):
 PSYoungGen      total 328192K, used 221184K [0x00000000d6d80000, 0x00000000fb400000, 0x0000000100000000)
  eden space 107008K, 0% used [0x00000000d6d80000,0x00000000d6d80000,0x00000000dd600000)
  from space 221184K, 100% used [0x00000000dd600000,0x00000000eae00000,0x00000000eae00000)
  to   space 224768K, 0% used [0x00000000ed880000,0x00000000ed880000,0x00000000fb400000)
 ParOldGen       total 528896K, used 465080K [0x0000000084800000, 0x00000000a4c80000, 0x00000000d6d80000)
  object space 528896K, 87% used [0x0000000084800000,0x00000000a0e2e320,0x00000000a4c80000)
 Metaspace       used 2651K, capacity 4490K, committed 4864K, reserved 1056768K
  class space    used 285K, capacity 386K, committed 512K, reserved 1048576K

Deoptimization events (0 events):
No events

Internal exceptions (2 events):
Event: 0,132 Thread 0x00007f80c800a000 Exception <a 'java/lang/NoSuchMethodError': Method sun.misc.Unsafe.defineClass(Ljava/lang/String;[BII)Ljava/lang/Class; name or signature does not match> (0x00000000d6d87ca8) thrown at [/HUDSON/workspace/8-2-build-linux-amd64/jdk8u151/9699/hotspot/src/sha
Event: 0,132 Thread 0x00007f80c800a000 Exception <a 'java/lang/NoSuchMethodError': Method sun.misc.Unsafe.prefetchRead(Ljava/lang/Object;J)V name or signature does not match> (0x00000000d6d87f90) thrown at [/HUDSON/workspace/8-2-build-linux-amd64/jdk8u151/9699/hotspot/src/share/vm/prims/jni.cp

Events (10 events):
Event: 6,527 Executing VM operation: ParallelGCFailedAllocation done
Event: 6,610 Executing VM operation: ParallelGCFailedAllocation
Event: 18,962 Executing VM operation: ParallelGCFailedAllocation done
Event: 19,245 Executing VM operation: ParallelGCFailedAllocation
Event: 19,707 Executing VM operation: ParallelGCFailedAllocation done
Event: 20,001 Executing VM operation: ParallelGCFailedAllocation
Event: 21,064 Executing VM operation: ParallelGCFailedAllocation done
Event: 21,340 Executing VM operation: ParallelGCFailedAllocation
Event: 22,764 Executing VM operation: ParallelGCFailedAllocation done
Event: 23,002 Executing VM operation: ParallelGCFailedAllocation


Dynamic libraries:
00400000-00401000 r-xp 00000000 08:05 9177083                            /home/ditsinski/Apps/jdk1.8.0_151/bin/java
00600000-00601000 rw-p 00000000 08:05 9177083                            /home/ditsinski/Apps/jdk1.8.0_151/bin/java
00d3e000-00d5f000 rw-p 00000000 00:00 0                                  [heap]
84800000-a4c80000 rw-p 00000000 00:00 0 
b9780000-d6d80000 ---p 00000000 00:00 0 
d6d80000-fb400000 rw-p 00000000 00:00 0 
fb400000-100000000 ---p 00000000 00:00 0 
100000000-100080000 rw-p 00000000 00:00 0 
100080000-140000000 ---p 00000000 00:00 0 
7f8078000000-7f8078021000 rw-p 00000000 00:00 0 
7f8078021000-7f807c000000 ---p 00000000 00:00 0 
7f807c000000-7f807c021000 rw-p 00000000 00:00 0 
7f807c021000-7f8080000000 ---p 00000000 00:00 0 
7f8080000000-7f8080021000 rw-p 00000000 00:00 0 
7f8080021000-7f8084000000 ---p 00000000 00:00 0 
7f8084000000-7f8084021000 rw-p 00000000 00:00 0 
7f8084021000-7f8088000000 ---p 00000000 00:00 0 
7f8088000000-7f8088051000 rw-p 00000000 00:00 0 
7f8088051000-7f808c000000 ---p 00000000 00:00 0 
7f808c000000-7f808c077000 rw-p 00000000 00:00 0 
7f808c077000-7f8090000000 ---p 00000000 00:00 0 
7f8090000000-7f8090021000 rw-p 00000000 00:00 0 
7f8090021000-7f8094000000 ---p 00000000 00:00 0 
7f8094000000-7f8094021000 rw-p 00000000 00:00 0 
7f8094021000-7f8098000000 ---p 00000000 00:00 0 
7f8098000000-7f8098021000 rw-p 00000000 00:00 0 
7f8098021000-7f809c000000 ---p 00000000 00:00 0 
7f809c000000-7f809c021000 rw-p 00000000 00:00 0 
7f809c021000-7f80a0000000 ---p 00000000 00:00 0 
7f80a0000000-7f80a0021000 rw-p 00000000 00:00 0 
7f80a0021000-7f80a4000000 ---p 00000000 00:00 0 
7f80a8000000-7f80a8021000 rw-p 00000000 00:00 0 
7f80a8021000-7f80ac000000 ---p 00000000 00:00 0 
7f80ad3a4000-7f80ad62b000 rw-p 00000000 00:00 0 
7f80ad62b000-7f80ad62c000 ---p 00000000 00:00 0 
7f80ad62c000-7f80ad72c000 rw-p 00000000 00:00 0 
7f80ad72c000-7f80ad72f000 ---p 00000000 00:00 0 
7f80ad72f000-7f80ad82d000 rw-p 00000000 00:00 0 
7f80ad82d000-7f80ad830000 ---p 00000000 00:00 0 
7f80ad830000-7f80ad92e000 rw-p 00000000 00:00 0 
7f80ad92e000-7f80ad931000 ---p 00000000 00:00 0 
7f80ad931000-7f80ada2f000 rw-p 00000000 00:00 0 
7f80ada2f000-7f80ada32000 ---p 00000000 00:00 0 
7f80ada32000-7f80adb30000 rw-p 00000000 00:00 0 
7f80adb30000-7f80adb33000 ---p 00000000 00:00 0 
7f80adb33000-7f80adc31000 rw-p 00000000 00:00 0 
7f80adc31000-7f80ae039000 r--p 00000000 08:05 7340412                    /usr/lib/locale/locale-archive
7f80ae039000-7f80ae03c000 ---p 00000000 00:00 0 
7f80ae03c000-7f80ae13a000 rw-p 00000000 00:00 0 
7f80ae13a000-7f80ae13d000 ---p 00000000 00:00 0 
7f80ae13d000-7f80ae23b000 rw-p 00000000 00:00 0 
7f80ae23b000-7f80ae23c000 ---p 00000000 00:00 0 
7f80ae23c000-7f80af24b000 rw-p 00000000 00:00 0 
7f80af24b000-7f80af424000 r--s 03d5a000 08:05 9583664                    /home/ditsinski/Apps/jdk1.8.0_151/jre/lib/rt.jar
7f80af424000-7f80af864000 rw-p 00000000 00:00 0 
7f80af864000-7f80afc24000 ---p 00000000 00:00 0 
7f80afc24000-7f80b0000000 rw-p 00000000 00:00 0 
7f80b0000000-7f80b0021000 rw-p 00000000 00:00 0 
7f80b0021000-7f80b4000000 ---p 00000000 00:00 0 
7f80b404e000-7f80b7e9f000 rw-p 00000000 00:00 0 
7f80b7e9f000-7f80b7ea0000 ---p 00000000 00:00 0 
7f80b7ea0000-7f80b7fa0000 rw-p 00000000 00:00 0 
7f80b7fa0000-7f80b7fa1000 ---p 00000000 00:00 0 
7f80b7fa1000-7f80b80a1000 rw-p 00000000 00:00 0 
7f80b80a1000-7f80b80a2000 ---p 00000000 00:00 0 
7f80b80a2000-7f80b82a5000 rw-p 00000000 00:00 0 
7f80b82a5000-7f80b8435000 ---p 00000000 00:00 0 
7f80b8435000-7f80b8538000 rw-p 00000000 00:00 0 
7f80b8538000-7f80b86c7000 ---p 00000000 00:00 0 
7f80b86c7000-7f80b87eb000 rw-p 00000000 00:00 0 
7f80b87eb000-7f80b8811000 ---p 00000000 00:00 0 
7f80b8811000-7f80b881c000 rw-p 00000000 00:00 0 
7f80b881c000-7f80b8bd2000 ---p 00000000 00:00 0 
7f80b8bd2000-7f80b8e42000 rwxp 00000000 00:00 0 
7f80b8e42000-7f80c7bd2000 ---p 00000000 00:00 0 
7f80c7bd2000-7f80c7bed000 r-xp 00000000 08:05 9704936                    /home/ditsinski/Apps/jdk1.8.0_151/jre/lib/amd64/libzip.so
7f80c7bed000-7f80c7ded000 ---p 0001b000 08:05 9704936                    /home/ditsinski/Apps/jdk1.8.0_151/jre/lib/amd64/libzip.so
7f80c7ded000-7f80c7dee000 rw-p 0001b000 08:05 9704936                    /home/ditsinski/Apps/jdk1.8.0_151/jre/lib/amd64/libzip.so
7f80c7dee000-7f80c7df9000 r-xp 00000000 08:05 4723481                    /lib/x86_64-linux-gnu/libnss_files-2.23.so
7f80c7df9000-7f80c7ff8000 ---p 0000b000 08:05 4723481                    /lib/x86_64-linux-gnu/libnss_files-2.23.so
7f80c7ff8000-7f80c7ff9000 r--p 0000a000 08:05 4723481                    /lib/x86_64-linux-gnu/libnss_files-2.23.so
7f80c7ff9000-7f80c7ffa000 rw-p 0000b000 08:05 4723481                    /lib/x86_64-linux-gnu/libnss_files-2.23.so
7f80c7ffa000-7f80c8000000 rw-p 00000000 00:00 0 
7f80c8000000-7f80c8128000 rw-p 00000000 00:00 0 
7f80c8128000-7f80cc000000 ---p 00000000 00:00 0 
7f80cc005000-7f80cc00a000 r--s 00084000 08:05 9583602                    /home/ditsinski/Apps/jdk1.8.0_151/jre/lib/jfr.jar
7f80cc00a000-7f80cc0c2000 rw-p 00000000 00:00 0 
7f80cc0c2000-7f80cc0c3000 ---p 00000000 00:00 0 
7f80cc0c3000-7f80cc1c3000 rw-p 00000000 00:00 0 
7f80cc1c3000-7f80cc1ce000 r-xp 00000000 08:05 4723484                    /lib/x86_64-linux-gnu/libnss_nis-2.23.so
7f80cc1ce000-7f80cc3cd000 ---p 0000b000 08:05 4723484                    /lib/x86_64-linux-gnu/libnss_nis-2.23.so
7f80cc3cd000-7f80cc3ce000 r--p 0000a000 08:05 4723484                    /lib/x86_64-linux-gnu/libnss_nis-2.23.so
7f80cc3ce000-7f80cc3cf000 rw-p 0000b000 08:05 4723484                    /lib/x86_64-linux-gnu/libnss_nis-2.23.so
7f80cc3cf000-7f80cc3e5000 r-xp 00000000 08:05 4718618                    /lib/x86_64-linux-gnu/libnsl-2.23.so
7f80cc3e5000-7f80cc5e4000 ---p 00016000 08:05 4718618                    /lib/x86_64-linux-gnu/libnsl-2.23.so
7f80cc5e4000-7f80cc5e5000 r--p 00015000 08:05 4718618                    /lib/x86_64-linux-gnu/libnsl-2.23.so
7f80cc5e5000-7f80cc5e6000 rw-p 00016000 08:05 4718618                    /lib/x86_64-linux-gnu/libnsl-2.23.so
7f80cc5e6000-7f80cc5e8000 rw-p 00000000 00:00 0 
7f80cc5e8000-7f80cc5f0000 r-xp 00000000 08:05 4723490                    /lib/x86_64-linux-gnu/libnss_compat-2.23.so
7f80cc5f0000-7f80cc7ef000 ---p 00008000 08:05 4723490                    /lib/x86_64-linux-gnu/libnss_compat-2.23.so
7f80cc7ef000-7f80cc7f0000 r--p 00007000 08:05 4723490                    /lib/x86_64-linux-gnu/libnss_compat-2.23.so
7f80cc7f0000-7f80cc7f1000 rw-p 00008000 08:05 4723490                    /lib/x86_64-linux-gnu/libnss_compat-2.23.so
7f80cc7f1000-7f80cc81c000 r-xp 00000000 08:05 9704930                    /home/ditsinski/Apps/jdk1.8.0_151/jre/lib/amd64/libjava.so
7f80cc81c000-7f80cca1b000 ---p 0002b000 08:05 9704930                    /home/ditsinski/Apps/jdk1.8.0_151/jre/lib/amd64/libjava.so
7f80cca1b000-7f80cca1d000 rw-p 0002a000 08:05 9704930                    /home/ditsinski/Apps/jdk1.8.0_151/jre/lib/amd64/libjava.so
7f80cca1d000-7f80cca2a000 r-xp 00000000 08:05 9704935                    /home/ditsinski/Apps/jdk1.8.0_151/jre/lib/amd64/libverify.so
7f80cca2a000-7f80ccc2a000 ---p 0000d000 08:05 9704935                    /home/ditsinski/Apps/jdk1.8.0_151/jre/lib/amd64/libverify.so
7f80ccc2a000-7f80ccc2c000 rw-p 0000d000 08:05 9704935                    /home/ditsinski/Apps/jdk1.8.0_151/jre/lib/amd64/libverify.so
7f80ccc2c000-7f80ccc33000 r-xp 00000000 08:05 4723486                    /lib/x86_64-linux-gnu/librt-2.23.so
7f80ccc33000-7f80cce32000 ---p 00007000 08:05 4723486                    /lib/x86_64-linux-gnu/librt-2.23.so
7f80cce32000-7f80cce33000 r--p 00006000 08:05 4723486                    /lib/x86_64-linux-gnu/librt-2.23.so
7f80cce33000-7f80cce34000 rw-p 00007000 08:05 4723486                    /lib/x86_64-linux-gnu/librt-2.23.so
7f80cce34000-7f80ccf3c000 r-xp 00000000 08:05 4723495                    /lib/x86_64-linux-gnu/libm-2.23.so
7f80ccf3c000-7f80cd13b000 ---p 00108000 08:05 4723495                    /lib/x86_64-linux-gnu/libm-2.23.so
7f80cd13b000-7f80cd13c000 r--p 00107000 08:05 4723495                    /lib/x86_64-linux-gnu/libm-2.23.so
7f80cd13c000-7f80cd13d000 rw-p 00108000 08:05 4723495                    /lib/x86_64-linux-gnu/libm-2.23.so
7f80cd13d000-7f80cde10000 r-xp 00000000 08:05 9704913                    /home/ditsinski/Apps/jdk1.8.0_151/jre/lib/amd64/server/libjvm.so
7f80cde10000-7f80ce00f000 ---p 00cd3000 08:05 9704913                    /home/ditsinski/Apps/jdk1.8.0_151/jre/lib/amd64/server/libjvm.so
7f80ce00f000-7f80ce0e9000 rw-p 00cd2000 08:05 9704913                    /home/ditsinski/Apps/jdk1.8.0_151/jre/lib/amd64/server/libjvm.so
7f80ce0e9000-7f80ce134000 rw-p 00000000 00:00 0 
7f80ce134000-7f80ce2f4000 r-xp 00000000 08:05 4723500                    /lib/x86_64-linux-gnu/libc-2.23.so
7f80ce2f4000-7f80ce4f4000 ---p 001c0000 08:05 4723500                    /lib/x86_64-linux-gnu/libc-2.23.so
7f80ce4f4000-7f80ce4f8000 r--p 001c0000 08:05 4723500                    /lib/x86_64-linux-gnu/libc-2.23.so
7f80ce4f8000-7f80ce4fa000 rw-p 001c4000 08:05 4723500                    /lib/x86_64-linux-gnu/libc-2.23.so
7f80ce4fa000-7f80ce4fe000 rw-p 00000000 00:00 0 
7f80ce4fe000-7f80ce501000 r-xp 00000000 08:05 4723489                    /lib/x86_64-linux-gnu/libdl-2.23.so
7f80ce501000-7f80ce700000 ---p 00003000 08:05 4723489                    /lib/x86_64-linux-gnu/libdl-2.23.so
7f80ce700000-7f80ce701000 r--p 00002000 08:05 4723489                    /lib/x86_64-linux-gnu/libdl-2.23.so
7f80ce701000-7f80ce702000 rw-p 00003000 08:05 4723489                    /lib/x86_64-linux-gnu/libdl-2.23.so
7f80ce702000-7f80ce718000 r-xp 00000000 08:05 9579078                    /home/ditsinski/Apps/jdk1.8.0_151/lib/amd64/jli/libjli.so
7f80ce718000-7f80ce917000 ---p 00016000 08:05 9579078                    /home/ditsinski/Apps/jdk1.8.0_151/lib/amd64/jli/libjli.so
7f80ce917000-7f80ce918000 rw-p 00015000 08:05 9579078                    /home/ditsinski/Apps/jdk1.8.0_151/lib/amd64/jli/libjli.so
7f80ce918000-7f80ce930000 r-xp 00000000 08:05 4723483                    /lib/x86_64-linux-gnu/libpthread-2.23.so
7f80ce930000-7f80ceb2f000 ---p 00018000 08:05 4723483                    /lib/x86_64-linux-gnu/libpthread-2.23.so
7f80ceb2f000-7f80ceb30000 r--p 00017000 08:05 4723483                    /lib/x86_64-linux-gnu/libpthread-2.23.so
7f80ceb30000-7f80ceb31000 rw-p 00018000 08:05 4723483                    /lib/x86_64-linux-gnu/libpthread-2.23.so
7f80ceb31000-7f80ceb35000 rw-p 00000000 00:00 0 
7f80ceb35000-7f80ceb5b000 r-xp 00000000 08:05 4723133                    /lib/x86_64-linux-gnu/ld-2.23.so
7f80ceb5e000-7f80ceb63000 r--s 002f9000 08:05 9583662                    /home/ditsinski/Apps/jdk1.8.0_151/jre/lib/charsets.jar
7f80ceb63000-7f80ceb66000 r--s 0001a000 08:05 9583675                    /home/ditsinski/Apps/jdk1.8.0_151/jre/lib/jce.jar
7f80ceb66000-7f80ceb6b000 r--s 0009a000 08:05 9583669                    /home/ditsinski/Apps/jdk1.8.0_151/jre/lib/jsse.jar
7f80ceb6b000-7f80cec36000 rw-p 00000000 00:00 0 
7f80cec36000-7f80cec39000 ---p 00000000 00:00 0 
7f80cec39000-7f80ced3b000 rw-p 00000000 00:00 0 
7f80ced3b000-7f80ced4e000 r--s 00345000 08:05 9583668                    /home/ditsinski/Apps/jdk1.8.0_151/jre/lib/resources.jar
7f80ced4e000-7f80ced56000 rw-s 00000000 08:05 2752548                    /tmp/hsperfdata_ditsinski/13254
7f80ced56000-7f80ced57000 rw-p 00000000 00:00 0 
7f80ced57000-7f80ced58000 ---p 00000000 00:00 0 
7f80ced58000-7f80ced5a000 rw-p 00000000 00:00 0 
7f80ced5a000-7f80ced5b000 r--p 00025000 08:05 4723133                    /lib/x86_64-linux-gnu/ld-2.23.so
7f80ced5b000-7f80ced5c000 rw-p 00026000 08:05 4723133                    /lib/x86_64-linux-gnu/ld-2.23.so
7f80ced5c000-7f80ced5d000 rw-p 00000000 00:00 0 
7ffc848cb000-7ffc848ec000 rw-p 00000000 00:00 0                          [stack]
7ffc84908000-7ffc8490a000 r--p 00000000 00:00 0                          [vvar]
7ffc8490a000-7ffc8490c000 r-xp 00000000 00:00 0                          [vdso]
ffffffffff600000-ffffffffff601000 r-xp 00000000 00:00 0                  [vsyscall]

VM Arguments:
jvm_args: -Dfile.encoding=UTF-8 
java_command: cities.CityTravel
java_class_path (initial): /home/ditsinski/Apps/jdk1.8.0_151/jre/lib/resources.jar:/home/ditsinski/Apps/jdk1.8.0_151/jre/lib/rt.jar:/home/ditsinski/Apps/jdk1.8.0_151/jre/lib/jsse.jar:/home/ditsinski/Apps/jdk1.8.0_151/jre/lib/jce.jar:/home/ditsinski/Apps/jdk1.8.0_151/jre/lib/charsets.jar:/home/ditsinski/Apps/jdk1.8.0_151/jre/lib/jfr.jar:/home/ditsinski/Apps/jdk1.8.0_151/jre/lib/ext/jaccess.jar:/home/ditsinski/Apps/jdk1.8.0_151/jre/lib/ext/nashorn.jar:/home/ditsinski/Apps/jdk1.8.0_151/jre/lib/ext/sunpkcs11.jar:/home/ditsinski/Apps/jdk1.8.0_151/jre/lib/ext/jfxrt.jar:/home/ditsinski/Apps/jdk1.8.0_151/jre/lib/ext/sunec.jar:/home/ditsinski/Apps/jdk1.8.0_151/jre/lib/ext/localedata.jar:/home/ditsinski/Apps/jdk1.8.0_151/jre/lib/ext/cldrdata.jar:/home/ditsinski/Apps/jdk1.8.0_151/jre/lib/ext/sunjce_provider.jar:/home/ditsinski/Apps/jdk1.8.0_151/jre/lib/ext/dnsns.jar:/home/ditsinski/Apps/jdk1.8.0_151/jre/lib/ext/zipfs.jar:/home/ditsinski/workspace-user/Udemy/bin
Launcher Type: SUN_STANDARD

Environment Variables:
PATH=/home/ditsinski/bin:/home/ditsinski/.local/bin:/usr/local/sbin:/usr/local/bin:/usr/sbin:/usr/bin:/sbin:/bin:/usr/games:/usr/local/games:/home/ditsinski/.rvm/bin
SHELL=/bin/bash
DISPLAY=:0

Signal Handlers:
SIGSEGV: [libjvm.so+0xacbe10], sa_mask[0]=11111111011111111101111111111110, sa_flags=SA_RESTART|SA_SIGINFO
SIGBUS: [libjvm.so+0xacbe10], sa_mask[0]=11111111011111111101111111111110, sa_flags=SA_RESTART|SA_SIGINFO
SIGFPE: [libjvm.so+0x924f90], sa_mask[0]=11111111011111111101111111111110, sa_flags=SA_RESTART|SA_SIGINFO
SIGPIPE: [libjvm.so+0x924f90], sa_mask[0]=11111111011111111101111111111110, sa_flags=SA_RESTART|SA_SIGINFO
SIGXFSZ: [libjvm.so+0x924f90], sa_mask[0]=11111111011111111101111111111110, sa_flags=SA_RESTART|SA_SIGINFO
SIGILL: [libjvm.so+0x924f90], sa_mask[0]=11111111011111111101111111111110, sa_flags=SA_RESTART|SA_SIGINFO
SIGUSR1: SIG_DFL, sa_mask[0]=00000000000000000000000000000000, sa_flags=none
SIGUSR2: [libjvm.so+0x9267d0], sa_mask[0]=00100000000000000000000000000000, sa_flags=SA_RESTART|SA_SIGINFO
SIGHUP: [libjvm.so+0x927bd0], sa_mask[0]=11111111011111111101111111111110, sa_flags=SA_RESTART|SA_SIGINFO
SIGINT: [libjvm.so+0x927bd0], sa_mask[0]=11111111011111111101111111111110, sa_flags=SA_RESTART|SA_SIGINFO
SIGTERM: [libjvm.so+0x927bd0], sa_mask[0]=11111111011111111101111111111110, sa_flags=SA_RESTART|SA_SIGINFO
SIGQUIT: [libjvm.so+0x927bd0], sa_mask[0]=11111111011111111101111111111110, sa_flags=SA_RESTART|SA_SIGINFO


---------------  S Y S T E M  ---------------

OS:DISTRIB_ID=LinuxMint
DISTRIB_RELEASE=18.2
DISTRIB_CODENAME=sonya
DISTRIB_DESCRIPTION="Linux Mint 18.2 Sonya"

uname:Linux 4.8.0-53-generic #56~16.04.1-Ubuntu SMP Tue May 16 01:18:56 UTC 2017 x86_64
libc:glibc 2.23 NPTL 2.23 
rlimit: STACK 8192k, CORE 0k, NPROC 31407, NOFILE 1048576, AS infinity
load average:10,48 4,65 2,10

/proc/meminfo:
MemTotal:        8085520 kB
MemFree:          130820 kB
MemAvailable:     140228 kB
Buffers:           16008 kB
Cached:           525980 kB
SwapCached:            0 kB
Active:          7302268 kB
Inactive:         408508 kB
Active(anon):    7195596 kB
Inactive(anon):   306556 kB
Active(file):     106672 kB
Inactive(file):   101952 kB
Unevictable:          32 kB
Mlocked:              32 kB
SwapTotal:             0 kB
SwapFree:              0 kB
Dirty:               848 kB
Writeback:             0 kB
AnonPages:       6976484 kB
Mapped:           346688 kB
Shmem:            333480 kB
Slab:             112328 kB
SReclaimable:      46444 kB
SUnreclaim:        65884 kB
KernelStack:       10352 kB
PageTables:        44144 kB
NFS_Unstable:          0 kB
Bounce:                0 kB
WritebackTmp:          0 kB
CommitLimit:     4042760 kB
Committed_AS:   10098744 kB
VmallocTotal:   34359738367 kB
VmallocUsed:           0 kB
VmallocChunk:          0 kB
HardwareCorrupted:     0 kB
AnonHugePages:   4476928 kB
ShmemHugePages:        0 kB
ShmemPmdMapped:        0 kB
CmaTotal:              0 kB
CmaFree:               0 kB
HugePages_Total:       0
HugePages_Free:        0
HugePages_Rsvd:        0
HugePages_Surp:        0
Hugepagesize:       2048 kB
DirectMap4k:      173568 kB
DirectMap2M:     4980736 kB
DirectMap1G:     4194304 kB


CPU:total 4 (initial active 4) (2 cores per cpu, 2 threads per core) family 6 model 60 stepping 3, cmov, cx8, fxsr, mmx, sse, sse2, sse3, ssse3, sse4.1, sse4.2, popcnt, avx, avx2, aes, clmul, erms, lzcnt, ht, tsc, tscinvbit, bmi1, bmi2

/proc/cpuinfo:
processor	: 0
vendor_id	: GenuineIntel
cpu family	: 6
model		: 60
model name	: Intel(R) Core(TM) i5-4210M CPU @ 2.60GHz
stepping	: 3
microcode	: 0x16
cpu MHz		: 3099.877
cache size	: 3072 KB
physical id	: 0
siblings	: 4
core id		: 0
cpu cores	: 2
apicid		: 0
initial apicid	: 0
fpu		: yes
fpu_exception	: yes
cpuid level	: 13
wp		: yes
flags		: fpu vme de pse tsc msr pae mce cx8 apic sep mtrr pge mca cmov pat pse36 clflush dts acpi mmx fxsr sse sse2 ss ht tm pbe syscall nx pdpe1gb rdtscp lm constant_tsc arch_perfmon pebs bts rep_good nopl xtopology nonstop_tsc aperfmperf eagerfpu pni pclmulqdq dtes64 monitor ds_cpl vmx est tm2 ssse3 sdbg fma cx16 xtpr pdcm pcid sse4_1 sse4_2 movbe popcnt tsc_deadline_timer aes xsave avx f16c rdrand lahf_lm abm epb tpr_shadow vnmi flexpriority ept vpid fsgsbase tsc_adjust bmi1 avx2 smep bmi2 erms invpcid xsaveopt dtherm ida arat pln pts
bugs		:
bogomips	: 5187.89
clflush size	: 64
cache_alignment	: 64
address sizes	: 39 bits physical, 48 bits virtual
power management:

processor	: 1
vendor_id	: GenuineIntel
cpu family	: 6
model		: 60
model name	: Intel(R) Core(TM) i5-4210M CPU @ 2.60GHz
stepping	: 3
microcode	: 0x16
cpu MHz		: 3099.877
cache size	: 3072 KB
physical id	: 0
siblings	: 4
core id		: 0
cpu cores	: 2
apicid		: 1
initial apicid	: 1
fpu		: yes
fpu_exception	: yes
cpuid level	: 13
wp		: yes
flags		: fpu vme de pse tsc msr pae mce cx8 apic sep mtrr pge mca cmov pat pse36 clflush dts acpi mmx fxsr sse sse2 ss ht tm pbe syscall nx pdpe1gb rdtscp lm constant_tsc arch_perfmon pebs bts rep_good nopl xtopology nonstop_tsc aperfmperf eagerfpu pni pclmulqdq dtes64 monitor ds_cpl vmx est tm2 ssse3 sdbg fma cx16 xtpr pdcm pcid sse4_1 sse4_2 movbe popcnt tsc_deadline_timer aes xsave avx f16c rdrand lahf_lm abm epb tpr_shadow vnmi flexpriority ept vpid fsgsbase tsc_adjust bmi1 avx2 smep bmi2 erms invpcid xsaveopt dtherm ida arat pln pts
bugs		:
bogomips	: 5187.89
clflush size	: 64
cache_alignment	: 64
address sizes	: 39 bits physical, 48 bits virtual
power management:

processor	: 2
vendor_id	: GenuineIntel
cpu family	: 6
model		: 60
model name	: Intel(R) Core(TM) i5-4210M CPU @ 2.60GHz
stepping	: 3
microcode	: 0x16
cpu MHz		: 3099.877
cache size	: 3072 KB
physical id	: 0
siblings	: 4
core id		: 1
cpu cores	: 2
apicid		: 2
initial apicid	: 2
fpu		: yes
fpu_exception	: yes
cpuid level	: 13
wp		: yes
flags		: fpu vme de pse tsc msr pae mce cx8 apic sep mtrr pge mca cmov pat pse36 clflush dts acpi mmx fxsr sse sse2 ss ht tm pbe syscall nx pdpe1gb rdtscp lm constant_tsc arch_perfmon pebs bts rep_good nopl xtopology nonstop_tsc aperfmperf eagerfpu pni pclmulqdq dtes64 monitor ds_cpl vmx est tm2 ssse3 sdbg fma cx16 xtpr pdcm pcid sse4_1 sse4_2 movbe popcnt tsc_deadline_timer aes xsave avx f16c rdrand lahf_lm abm epb tpr_shadow vnmi flexpriority ept vpid fsgsbase tsc_adjust bmi1 avx2 smep bmi2 erms invpcid xsaveopt dtherm ida arat pln pts
bugs		:
bogomips	: 5187.89
clflush size	: 64
cache_alignment	: 64
address sizes	: 39 bits physical, 48 bits virtual
power management:

processor	: 3
vendor_id	: GenuineIntel
cpu family	: 6
model		: 60
model name	: Intel(R) Core(TM) i5-4210M CPU @ 2.60GHz
stepping	: 3
microcode	: 0x16
cpu MHz		: 3099.877
cache size	: 3072 KB
physical id	: 0
siblings	: 4
core id		: 1
cpu cores	: 2
apicid		: 3
initial apicid	: 3
fpu		: yes
fpu_exception	: yes
cpuid level	: 13
wp		: yes
flags		: fpu vme de pse tsc msr pae mce cx8 apic sep mtrr pge mca cmov pat pse36 clflush dts acpi mmx fxsr sse sse2 ss ht tm pbe syscall nx pdpe1gb rdtscp lm constant_tsc arch_perfmon pebs bts rep_good nopl xtopology nonstop_tsc aperfmperf eagerfpu pni pclmulqdq dtes64 monitor ds_cpl vmx est tm2 ssse3 sdbg fma cx16 xtpr pdcm pcid sse4_1 sse4_2 movbe popcnt tsc_deadline_timer aes xsave avx f16c rdrand lahf_lm abm epb tpr_shadow vnmi flexpriority ept vpid fsgsbase tsc_adjust bmi1 avx2 smep bmi2 erms invpcid xsaveopt dtherm ida arat pln pts
bugs		:
bogomips	: 5187.89
clflush size	: 64
cache_alignment	: 64
address sizes	: 39 bits physical, 48 bits virtual
power management:



Memory: 4k page, physical 8085520k(130820k free), swap 0k(0k free)

vm_info: Java HotSpot(TM) 64-Bit Server VM (25.151-b12) for linux-amd64 JRE (1.8.0_151-b12), built on Sep  5 2017 19:20:58 by "java_re" with gcc 4.3.0 20080428 (Red Hat 4.3.0-8)

time: Mon Dec 25 17:45:55 2017
elapsed time: 42 seconds (0d 0h 0m 42s)

